<?xml version="1.0" encoding="UTF-8"?>
<!-- Generated by org.testng.reporters.JUnitReportReporter -->
<testsuite hostname="LAPTOP-2STQO06D" failures="0" tests="4" name="Test.TestCalculate" time="0.008" errors="0" timestamp="2021-10-16T18:37:17 IST" skipped="0">
  <testcase classname="Test.TestCalculate" name="emptyStringReturnsZero" time="0.005"/>
  <system-out/>
  <testcase classname="Test.TestCalculate" name="singleValueIsReplied" time="0.001"/>
  <system-out/>
  <testcase classname="Test.TestCalculate" name="twoNumbersCommaDelimitedReturnsSum" time="0.001"/>
  <system-out/>
  <testcase classname="Test.TestCalculate" name="twoNumbersNewLineDelimitedReturnsSum" time="0.001"/>
  <system-out/>
</testsuite> <!-- Test.TestCalculate -->
