<?xml version="1.0" encoding="UTF-8"?>
<!-- Generated by org.testng.reporters.JUnitReportReporter -->
<testsuite hostname="LAPTOP-2STQO06D" failures="0" tests="1" name="Test.TestCalculate" time="0.006" errors="0" timestamp="2021-10-16T16:35:56 IST" skipped="0">
  <testcase classname="Test.TestCalculate" name="emptyStringReturnsZero" time="0.006"/>
  <system-out/>
</testsuite> <!-- Test.TestCalculate -->
